<?xml version="1.0" encoding="UTF-8"?>
<testsuite xmlns:xsi="http://www.w3.org/2001/XMLSchema-instance" xsi:noNamespaceSchemaLocation="https://maven.apache.org/surefire/maven-surefire-plugin/xsd/surefire-test-report.xsd" version="3.0.1" name="TestSuite" time="44.502" tests="3" errors="0" skipped="0" failures="0">
  <properties>
    <property name="java.specification.version" value="17"/>
    <property name="sun.cpu.isalist" value="amd64"/>
    <property name="sun.jnu.encoding" value="Cp1252"/>
    <property name="java.class.path" value="C:\Users\DELL\eclipse-workspace\OwnProject\target\test-classes;C:\Users\DELL\eclipse-workspace\OwnProject\target\classes;C:\Users\DELL\.m2\repository\org\seleniumhq\selenium\selenium-java\4.22.0\selenium-java-4.22.0.jar;C:\Users\DELL\.m2\repository\org\seleniumhq\selenium\selenium-api\4.22.0\selenium-api-4.22.0.jar;C:\Users\DELL\.m2\repository\org\seleniumhq\selenium\selenium-chrome-driver\4.22.0\selenium-chrome-driver-4.22.0.jar;C:\Users\DELL\.m2\repository\com\google\auto\service\auto-service-annotations\1.1.1\auto-service-annotations-1.1.1.jar;C:\Users\DELL\.m2\repository\org\seleniumhq\selenium\selenium-chromium-driver\4.22.0\selenium-chromium-driver-4.22.0.jar;C:\Users\DELL\.m2\repository\org\seleniumhq\selenium\selenium-json\4.22.0\selenium-json-4.22.0.jar;C:\Users\DELL\.m2\repository\org\seleniumhq\selenium\selenium-manager\4.22.0\selenium-manager-4.22.0.jar;C:\Users\DELL\.m2\repository\org\seleniumhq\selenium\selenium-devtools-v124\4.22.0\selenium-devtools-v124-4.22.0.jar;C:\Users\DELL\.m2\repository\org\seleniumhq\selenium\selenium-devtools-v125\4.22.0\selenium-devtools-v125-4.22.0.jar;C:\Users\DELL\.m2\repository\org\seleniumhq\selenium\selenium-devtools-v126\4.22.0\selenium-devtools-v126-4.22.0.jar;C:\Users\DELL\.m2\repository\org\seleniumhq\selenium\selenium-devtools-v85\4.22.0\selenium-devtools-v85-4.22.0.jar;C:\Users\DELL\.m2\repository\org\seleniumhq\selenium\selenium-edge-driver\4.22.0\selenium-edge-driver-4.22.0.jar;C:\Users\DELL\.m2\repository\org\seleniumhq\selenium\selenium-firefox-driver\4.22.0\selenium-firefox-driver-4.22.0.jar;C:\Users\DELL\.m2\repository\org\seleniumhq\selenium\selenium-http\4.22.0\selenium-http-4.22.0.jar;C:\Users\DELL\.m2\repository\dev\failsafe\failsafe\3.3.2\failsafe-3.3.2.jar;C:\Users\DELL\.m2\repository\org\seleniumhq\selenium\selenium-ie-driver\4.22.0\selenium-ie-driver-4.22.0.jar;C:\Users\DELL\.m2\repository\org\seleniumhq\selenium\selenium-remote-driver\4.22.0\selenium-remote-driver-4.22.0.jar;C:\Users\DELL\.m2\repository\com\google\guava\guava\33.2.1-jre\guava-33.2.1-jre.jar;C:\Users\DELL\.m2\repository\com\google\guava\failureaccess\1.0.2\failureaccess-1.0.2.jar;C:\Users\DELL\.m2\repository\com\google\guava\listenablefuture\9999.0-empty-to-avoid-conflict-with-guava\listenablefuture-9999.0-empty-to-avoid-conflict-with-guava.jar;C:\Users\DELL\.m2\repository\com\google\code\findbugs\jsr305\3.0.2\jsr305-3.0.2.jar;C:\Users\DELL\.m2\repository\org\checkerframework\checker-qual\3.42.0\checker-qual-3.42.0.jar;C:\Users\DELL\.m2\repository\com\google\errorprone\error_prone_annotations\2.26.1\error_prone_annotations-2.26.1.jar;C:\Users\DELL\.m2\repository\com\google\j2objc\j2objc-annotations\3.0.0\j2objc-annotations-3.0.0.jar;C:\Users\DELL\.m2\repository\io\opentelemetry\semconv\opentelemetry-semconv\1.25.0-alpha\opentelemetry-semconv-1.25.0-alpha.jar;C:\Users\DELL\.m2\repository\io\opentelemetry\opentelemetry-api\1.39.0\opentelemetry-api-1.39.0.jar;C:\Users\DELL\.m2\repository\io\opentelemetry\opentelemetry-context\1.39.0\opentelemetry-context-1.39.0.jar;C:\Users\DELL\.m2\repository\io\opentelemetry\opentelemetry-exporter-logging\1.39.0\opentelemetry-exporter-logging-1.39.0.jar;C:\Users\DELL\.m2\repository\io\opentelemetry\opentelemetry-sdk-common\1.39.0\opentelemetry-sdk-common-1.39.0.jar;C:\Users\DELL\.m2\repository\io\opentelemetry\opentelemetry-sdk-extension-autoconfigure-spi\1.39.0\opentelemetry-sdk-extension-autoconfigure-spi-1.39.0.jar;C:\Users\DELL\.m2\repository\io\opentelemetry\opentelemetry-sdk-extension-autoconfigure\1.39.0\opentelemetry-sdk-extension-autoconfigure-1.39.0.jar;C:\Users\DELL\.m2\repository\io\opentelemetry\opentelemetry-api-incubator\1.39.0-alpha\opentelemetry-api-incubator-1.39.0-alpha.jar;C:\Users\DELL\.m2\repository\io\opentelemetry\opentelemetry-sdk-trace\1.39.0\opentelemetry-sdk-trace-1.39.0.jar;C:\Users\DELL\.m2\repository\io\opentelemetry\opentelemetry-sdk\1.39.0\opentelemetry-sdk-1.39.0.jar;C:\Users\DELL\.m2\repository\io\opentelemetry\opentelemetry-sdk-metrics\1.39.0\opentelemetry-sdk-metrics-1.39.0.jar;C:\Users\DELL\.m2\repository\io\opentelemetry\opentelemetry-sdk-logs\1.39.0\opentelemetry-sdk-logs-1.39.0.jar;C:\Users\DELL\.m2\repository\net\bytebuddy\byte-buddy\1.14.17\byte-buddy-1.14.17.jar;C:\Users\DELL\.m2\repository\org\seleniumhq\selenium\selenium-os\4.22.0\selenium-os-4.22.0.jar;C:\Users\DELL\.m2\repository\org\apache\commons\commons-exec\1.4.0\commons-exec-1.4.0.jar;C:\Users\DELL\.m2\repository\org\seleniumhq\selenium\selenium-safari-driver\4.22.0\selenium-safari-driver-4.22.0.jar;C:\Users\DELL\.m2\repository\org\seleniumhq\selenium\selenium-support\4.22.0\selenium-support-4.22.0.jar;C:\Users\DELL\.m2\repository\com\aventstack\extentreports\3.1.5\extentreports-3.1.5.jar;C:\Users\DELL\.m2\repository\org\freemarker\freemarker\2.3.23\freemarker-2.3.23.jar;C:\Users\DELL\.m2\repository\org\mongodb\mongodb-driver\3.3.0\mongodb-driver-3.3.0.jar;C:\Users\DELL\.m2\repository\org\mongodb\bson\3.3.0\bson-3.3.0.jar;C:\Users\DELL\.m2\repository\org\mongodb\mongodb-driver-core\3.3.0\mongodb-driver-core-3.3.0.jar;C:\Users\DELL\.m2\repository\org\apache\httpcomponents\httpclient\4.5.2\httpclient-4.5.2.jar;C:\Users\DELL\.m2\repository\org\apache\httpcomponents\httpcore\4.4.4\httpcore-4.4.4.jar;C:\Users\DELL\.m2\repository\commons-logging\commons-logging\1.2\commons-logging-1.2.jar;C:\Users\DELL\.m2\repository\org\apache\httpcomponents\httpmime\4.5.2\httpmime-4.5.2.jar;C:\Users\DELL\.m2\repository\org\jsoup\jsoup\1.9.2\jsoup-1.9.2.jar;C:\Users\DELL\.m2\repository\com\google\code\gson\gson\2.8.0\gson-2.8.0.jar;C:\Users\DELL\.m2\repository\org\testng\testng\7.4.0\testng-7.4.0.jar;C:\Users\DELL\.m2\repository\com\beust\jcommander\1.78\jcommander-1.78.jar;C:\Users\DELL\.m2\repository\org\webjars\jquery\3.5.1\jquery-3.5.1.jar;C:\Users\DELL\.m2\repository\org\apache\poi\poi\5.2.3\poi-5.2.3.jar;C:\Users\DELL\.m2\repository\commons-codec\commons-codec\1.15\commons-codec-1.15.jar;C:\Users\DELL\.m2\repository\org\apache\commons\commons-collections4\4.4\commons-collections4-4.4.jar;C:\Users\DELL\.m2\repository\org\apache\commons\commons-math3\3.6.1\commons-math3-3.6.1.jar;C:\Users\DELL\.m2\repository\commons-io\commons-io\2.11.0\commons-io-2.11.0.jar;C:\Users\DELL\.m2\repository\com\zaxxer\SparseBitSet\1.2\SparseBitSet-1.2.jar;C:\Users\DELL\.m2\repository\org\apache\logging\log4j\log4j-api\2.18.0\log4j-api-2.18.0.jar;C:\Users\DELL\.m2\repository\org\apache\poi\poi-ooxml\5.2.3\poi-ooxml-5.2.3.jar;C:\Users\DELL\.m2\repository\org\apache\poi\poi-ooxml-lite\5.2.3\poi-ooxml-lite-5.2.3.jar;C:\Users\DELL\.m2\repository\org\apache\xmlbeans\xmlbeans\5.1.1\xmlbeans-5.1.1.jar;C:\Users\DELL\.m2\repository\org\apache\commons\commons-compress\1.21\commons-compress-1.21.jar;C:\Users\DELL\.m2\repository\com\github\virtuald\curvesapi\1.07\curvesapi-1.07.jar;C:\Users\DELL\.m2\repository\log4j\log4j\1.2.14\log4j-1.2.14.jar;"/>
    <property name="java.vm.vendor" value="Oracle Corporation"/>
    <property name="sun.arch.data.model" value="64"/>
    <property name="user.variant" value=""/>
    <property name="java.vendor.url" value="https://java.oracle.com/"/>
    <property name="user.timezone" value="Asia/Calcutta"/>
    <property name="os.name" value="Windows 11"/>
    <property name="java.vm.specification.version" value="17"/>
    <property name="sun.java.launcher" value="SUN_STANDARD"/>
    <property name="user.country" value="US"/>
    <property name="sun.boot.library.path" value="C:\Program Files\Java\jdk-17\bin"/>
    <property name="sun.java.command" value="C:\Users\DELL\AppData\Local\Temp\surefire13265536623903259342\surefirebooter-20241007141549757_3.jar C:\Users\DELL\AppData\Local\Temp\surefire13265536623903259342 2024-10-07T14-15-49_374-jvmRun1 surefire-20241007141549757_1tmp surefire_0-20241007141549757_2tmp"/>
    <property name="jdk.debug" value="release"/>
    <property name="surefire.test.class.path" value="C:\Users\DELL\eclipse-workspace\OwnProject\target\test-classes;C:\Users\DELL\eclipse-workspace\OwnProject\target\classes;C:\Users\DELL\.m2\repository\org\seleniumhq\selenium\selenium-java\4.22.0\selenium-java-4.22.0.jar;C:\Users\DELL\.m2\repository\org\seleniumhq\selenium\selenium-api\4.22.0\selenium-api-4.22.0.jar;C:\Users\DELL\.m2\repository\org\seleniumhq\selenium\selenium-chrome-driver\4.22.0\selenium-chrome-driver-4.22.0.jar;C:\Users\DELL\.m2\repository\com\google\auto\service\auto-service-annotations\1.1.1\auto-service-annotations-1.1.1.jar;C:\Users\DELL\.m2\repository\org\seleniumhq\selenium\selenium-chromium-driver\4.22.0\selenium-chromium-driver-4.22.0.jar;C:\Users\DELL\.m2\repository\org\seleniumhq\selenium\selenium-json\4.22.0\selenium-json-4.22.0.jar;C:\Users\DELL\.m2\repository\org\seleniumhq\selenium\selenium-manager\4.22.0\selenium-manager-4.22.0.jar;C:\Users\DELL\.m2\repository\org\seleniumhq\selenium\selenium-devtools-v124\4.22.0\selenium-devtools-v124-4.22.0.jar;C:\Users\DELL\.m2\repository\org\seleniumhq\selenium\selenium-devtools-v125\4.22.0\selenium-devtools-v125-4.22.0.jar;C:\Users\DELL\.m2\repository\org\seleniumhq\selenium\selenium-devtools-v126\4.22.0\selenium-devtools-v126-4.22.0.jar;C:\Users\DELL\.m2\repository\org\seleniumhq\selenium\selenium-devtools-v85\4.22.0\selenium-devtools-v85-4.22.0.jar;C:\Users\DELL\.m2\repository\org\seleniumhq\selenium\selenium-edge-driver\4.22.0\selenium-edge-driver-4.22.0.jar;C:\Users\DELL\.m2\repository\org\seleniumhq\selenium\selenium-firefox-driver\4.22.0\selenium-firefox-driver-4.22.0.jar;C:\Users\DELL\.m2\repository\org\seleniumhq\selenium\selenium-http\4.22.0\selenium-http-4.22.0.jar;C:\Users\DELL\.m2\repository\dev\failsafe\failsafe\3.3.2\failsafe-3.3.2.jar;C:\Users\DELL\.m2\repository\org\seleniumhq\selenium\selenium-ie-driver\4.22.0\selenium-ie-driver-4.22.0.jar;C:\Users\DELL\.m2\repository\org\seleniumhq\selenium\selenium-remote-driver\4.22.0\selenium-remote-driver-4.22.0.jar;C:\Users\DELL\.m2\repository\com\google\guava\guava\33.2.1-jre\guava-33.2.1-jre.jar;C:\Users\DELL\.m2\repository\com\google\guava\failureaccess\1.0.2\failureaccess-1.0.2.jar;C:\Users\DELL\.m2\repository\com\google\guava\listenablefuture\9999.0-empty-to-avoid-conflict-with-guava\listenablefuture-9999.0-empty-to-avoid-conflict-with-guava.jar;C:\Users\DELL\.m2\repository\com\google\code\findbugs\jsr305\3.0.2\jsr305-3.0.2.jar;C:\Users\DELL\.m2\repository\org\checkerframework\checker-qual\3.42.0\checker-qual-3.42.0.jar;C:\Users\DELL\.m2\repository\com\google\errorprone\error_prone_annotations\2.26.1\error_prone_annotations-2.26.1.jar;C:\Users\DELL\.m2\repository\com\google\j2objc\j2objc-annotations\3.0.0\j2objc-annotations-3.0.0.jar;C:\Users\DELL\.m2\repository\io\opentelemetry\semconv\opentelemetry-semconv\1.25.0-alpha\opentelemetry-semconv-1.25.0-alpha.jar;C:\Users\DELL\.m2\repository\io\opentelemetry\opentelemetry-api\1.39.0\opentelemetry-api-1.39.0.jar;C:\Users\DELL\.m2\repository\io\opentelemetry\opentelemetry-context\1.39.0\opentelemetry-context-1.39.0.jar;C:\Users\DELL\.m2\repository\io\opentelemetry\opentelemetry-exporter-logging\1.39.0\opentelemetry-exporter-logging-1.39.0.jar;C:\Users\DELL\.m2\repository\io\opentelemetry\opentelemetry-sdk-common\1.39.0\opentelemetry-sdk-common-1.39.0.jar;C:\Users\DELL\.m2\repository\io\opentelemetry\opentelemetry-sdk-extension-autoconfigure-spi\1.39.0\opentelemetry-sdk-extension-autoconfigure-spi-1.39.0.jar;C:\Users\DELL\.m2\repository\io\opentelemetry\opentelemetry-sdk-extension-autoconfigure\1.39.0\opentelemetry-sdk-extension-autoconfigure-1.39.0.jar;C:\Users\DELL\.m2\repository\io\opentelemetry\opentelemetry-api-incubator\1.39.0-alpha\opentelemetry-api-incubator-1.39.0-alpha.jar;C:\Users\DELL\.m2\repository\io\opentelemetry\opentelemetry-sdk-trace\1.39.0\opentelemetry-sdk-trace-1.39.0.jar;C:\Users\DELL\.m2\repository\io\opentelemetry\opentelemetry-sdk\1.39.0\opentelemetry-sdk-1.39.0.jar;C:\Users\DELL\.m2\repository\io\opentelemetry\opentelemetry-sdk-metrics\1.39.0\opentelemetry-sdk-metrics-1.39.0.jar;C:\Users\DELL\.m2\repository\io\opentelemetry\opentelemetry-sdk-logs\1.39.0\opentelemetry-sdk-logs-1.39.0.jar;C:\Users\DELL\.m2\repository\net\bytebuddy\byte-buddy\1.14.17\byte-buddy-1.14.17.jar;C:\Users\DELL\.m2\repository\org\seleniumhq\selenium\selenium-os\4.22.0\selenium-os-4.22.0.jar;C:\Users\DELL\.m2\repository\org\apache\commons\commons-exec\1.4.0\commons-exec-1.4.0.jar;C:\Users\DELL\.m2\repository\org\seleniumhq\selenium\selenium-safari-driver\4.22.0\selenium-safari-driver-4.22.0.jar;C:\Users\DELL\.m2\repository\org\seleniumhq\selenium\selenium-support\4.22.0\selenium-support-4.22.0.jar;C:\Users\DELL\.m2\repository\com\aventstack\extentreports\3.1.5\extentreports-3.1.5.jar;C:\Users\DELL\.m2\repository\org\freemarker\freemarker\2.3.23\freemarker-2.3.23.jar;C:\Users\DELL\.m2\repository\org\mongodb\mongodb-driver\3.3.0\mongodb-driver-3.3.0.jar;C:\Users\DELL\.m2\repository\org\mongodb\bson\3.3.0\bson-3.3.0.jar;C:\Users\DELL\.m2\repository\org\mongodb\mongodb-driver-core\3.3.0\mongodb-driver-core-3.3.0.jar;C:\Users\DELL\.m2\repository\org\apache\httpcomponents\httpclient\4.5.2\httpclient-4.5.2.jar;C:\Users\DELL\.m2\repository\org\apache\httpcomponents\httpcore\4.4.4\httpcore-4.4.4.jar;C:\Users\DELL\.m2\repository\commons-logging\commons-logging\1.2\commons-logging-1.2.jar;C:\Users\DELL\.m2\repository\org\apache\httpcomponents\httpmime\4.5.2\httpmime-4.5.2.jar;C:\Users\DELL\.m2\repository\org\jsoup\jsoup\1.9.2\jsoup-1.9.2.jar;C:\Users\DELL\.m2\repository\com\google\code\gson\gson\2.8.0\gson-2.8.0.jar;C:\Users\DELL\.m2\repository\org\testng\testng\7.4.0\testng-7.4.0.jar;C:\Users\DELL\.m2\repository\com\beust\jcommander\1.78\jcommander-1.78.jar;C:\Users\DELL\.m2\repository\org\webjars\jquery\3.5.1\jquery-3.5.1.jar;C:\Users\DELL\.m2\repository\org\apache\poi\poi\5.2.3\poi-5.2.3.jar;C:\Users\DELL\.m2\repository\commons-codec\commons-codec\1.15\commons-codec-1.15.jar;C:\Users\DELL\.m2\repository\org\apache\commons\commons-collections4\4.4\commons-collections4-4.4.jar;C:\Users\DELL\.m2\repository\org\apache\commons\commons-math3\3.6.1\commons-math3-3.6.1.jar;C:\Users\DELL\.m2\repository\commons-io\commons-io\2.11.0\commons-io-2.11.0.jar;C:\Users\DELL\.m2\repository\com\zaxxer\SparseBitSet\1.2\SparseBitSet-1.2.jar;C:\Users\DELL\.m2\repository\org\apache\logging\log4j\log4j-api\2.18.0\log4j-api-2.18.0.jar;C:\Users\DELL\.m2\repository\org\apache\poi\poi-ooxml\5.2.3\poi-ooxml-5.2.3.jar;C:\Users\DELL\.m2\repository\org\apache\poi\poi-ooxml-lite\5.2.3\poi-ooxml-lite-5.2.3.jar;C:\Users\DELL\.m2\repository\org\apache\xmlbeans\xmlbeans\5.1.1\xmlbeans-5.1.1.jar;C:\Users\DELL\.m2\repository\org\apache\commons\commons-compress\1.21\commons-compress-1.21.jar;C:\Users\DELL\.m2\repository\com\github\virtuald\curvesapi\1.07\curvesapi-1.07.jar;C:\Users\DELL\.m2\repository\log4j\log4j\1.2.14\log4j-1.2.14.jar;"/>
    <property name="sun.cpu.endian" value="little"/>
    <property name="user.home" value="C:\Users\DELL"/>
    <property name="user.language" value="en"/>
    <property name="java.specification.vendor" value="Oracle Corporation"/>
    <property name="java.version.date" value="2023-10-17"/>
    <property name="java.home" value="C:\Program Files\Java\jdk-17"/>
    <property name="file.separator" value="\"/>
    <property name="style.color" value="always"/>
    <property name="basedir" value="C:\Users\DELL\eclipse-workspace\OwnProject"/>
    <property name="java.vm.compressedOopsMode" value="32-bit"/>
    <property name="line.separator" value="&#10;"/>
    <property name="java.vm.specification.vendor" value="Oracle Corporation"/>
    <property name="java.specification.name" value="Java Platform API Specification"/>
    <property name="surefire.real.class.path" value="C:\Users\DELL\AppData\Local\Temp\surefire13265536623903259342\surefirebooter-20241007141549757_3.jar"/>
    <property name="user.script" value=""/>
    <property name="sun.management.compiler" value="HotSpot 64-Bit Tiered Compilers"/>
    <property name="java.runtime.version" value="17.0.9+11-LTS-201"/>
    <property name="user.name" value="DELL"/>
    <property name="path.separator" value=";"/>
    <property name="os.version" value="10.0"/>
    <property name="java.runtime.name" value="Java(TM) SE Runtime Environment"/>
    <property name="file.encoding" value="Cp1252"/>
    <property name="java.vm.name" value="Java HotSpot(TM) 64-Bit Server VM"/>
    <property name="localRepository" value="C:\Users\DELL\.m2\repository"/>
    <property name="java.vendor.url.bug" value="https://bugreport.java.com/bugreport/"/>
    <property name="java.io.tmpdir" value="C:\Users\DELL\AppData\Local\Temp\"/>
    <property name="java.version" value="17.0.9"/>
    <property name="user.dir" value="C:\Users\DELL\eclipse-workspace\OwnProject"/>
    <property name="os.arch" value="amd64"/>
    <property name="java.vm.specification.name" value="Java Virtual Machine Specification"/>
    <property name="sun.os.patch.level" value=""/>
    <property name="native.encoding" value="Cp1252"/>
    <property name="java.library.path" value="C:\Program Files\Java\jdk-17\bin;C:\WINDOWS\Sun\Java\bin;C:\WINDOWS\system32;C:\WINDOWS;C:/Users/DELL/.p2/pool/plugins/org.eclipse.justj.openjdk.hotspot.jre.full.win32.x86_64_23.0.0.v20240919-1706/jre/bin/server;C:/Users/DELL/.p2/pool/plugins/org.eclipse.justj.openjdk.hotspot.jre.full.win32.x86_64_23.0.0.v20240919-1706/jre/bin;C:\Program Files\Java\jdk-17\bin;C:\Program Files\Common Files\Oracle\Java\javapath;C:\Program Files (x86)\Common Files\Oracle\Java\javapath;C:\WINDOWS\system32;C:\WINDOWS;C:\WINDOWS\System32\Wbem;C:\WINDOWS\System32\WindowsPowerShell\v1.0\;C:\WINDOWS\System32\OpenSSH\;C:\Program Files\dotnet\;C:\Program Files (x86)\Microsoft SQL Server\160\DTS\Binn\;C:\Program Files\Microsoft SQL Server\150\Tools\Binn\;C:\Program Files\Microsoft SQL Server\Client SDK\ODBC\170\Tools\Binn\;C:\Program Files (x86)\Microsoft SQL Server\160\Tools\Binn\;C:\Program Files\Microsoft SQL Server\160\Tools\Binn\;C:\Program Files\Microsoft SQL Server\160\DTS\Binn\;C:\Program Files\nodejs\;C:\Program Files\Maven\apache-maven-3.9.8\bin;C:\Program Files\Java\jdk-17\bin;C:\Users\DELL\AppData\Local\Programs\Python\Launcher\;C:\Program Files\Java\jdk-17\bin;C:\Users\DELL\AppData\Local\Microsoft\WindowsApps;C:\Users\DELL\.dotnet\tools;C:\Users\DELL\AppData\Local\Programs\Microsoft VS Code\bin;C:\Users\DELL\AppData\Roaming\npm;C:\Program Files\Maven\apache-maven-3.9.8\bin;C:\Program Files\JetBrains\PyCharm Community Edition 2024.1.4\bin;;C:\WINDOWS\System32;;."/>
    <property name="java.vm.info" value="mixed mode, sharing"/>
    <property name="java.vendor" value="Oracle Corporation"/>
    <property name="java.vm.version" value="17.0.9+11-LTS-201"/>
    <property name="sun.io.unicode.encoding" value="UnicodeLittle"/>
    <property name="java.class.version" value="61.0"/>
  </properties>
  <testcase name="loginwithvaliddata[demosalesmanager, crmsfa](1)" classname="testcases.TC_001_LoginWithValidData" time="2.246">
    <system-out><![CDATA[1
2
demosalesmanager
crmsfa
]]></system-out>
    <system-err><![CDATA[ERROR StatusLogger Log4j2 could not find a logging implementation. Please add log4j-core to the classpath. Using SimpleLogger to log to the console...
Cleaning up unclosed ZipFile for archive C:\Users\DELL\eclipse-workspace\OwnProject\.\Testdata\TC_001_loginwithvaliddata.xlsx
Oct 07, 2024 2:15:58 PM org.openqa.selenium.devtools.CdpVersionFinder findNearestMatch
WARNING: Unable to find an exact match for CDP version 129, returning the closest version; found: 126; Please update to a Selenium version that supports CDP version 129
]]></system-err>
  </testcase>
  <testcase name="login_with_invalid_data[sathish, Murugaa@123](1)" classname="testcases.TC_002_LoginWithInvalidData" time="1.587">
    <system-out><![CDATA[1
2
sathish
Murugaa@123
]]></system-out>
    <system-err><![CDATA[Cleaning up unclosed ZipFile for archive C:\Users\DELL\eclipse-workspace\OwnProject\.\Testdata\TC_002_Login_With_Invalid_data.xlsx
Oct 07, 2024 2:16:07 PM org.openqa.selenium.devtools.CdpVersionFinder findNearestMatch
WARNING: Unable to find an exact match for CDP version 129, returning the closest version; found: 126; Please update to a Selenium version that supports CDP version 129
]]></system-err>
  </testcase>
  <testcase name="CreateLead_with_ValidData[demosalesmanager, crmsfa, Manoj Steels, Manoj, K, INR](1)" classname="testcases.TC_003_CreateLead_with_valid_data" time="10.922">
    <system-out><![CDATA[1
6
demosalesmanager
crmsfa
Manoj Steels
Manoj
K
INR
The dropdown value is  
The dropdown value is AFA - Afghani
The dropdown value is ALL - Albanian Lek
The dropdown value is DZD - Algerian Dinar
The dropdown value is ADP - Andoran peseta
The dropdown value is AOK - Angolan Kwanza
The dropdown value is ARS - Argentina Peso
The dropdown value is ARA - Argentinian Austral
The dropdown value is AMD - Armenian Dram
The dropdown value is AWG - Aruban Guilder
The dropdown value is AUD - Australian Dollar
The dropdown value is AZM - Azerbaijan Manat
The dropdown value is BSD - Bahaman Dollar
The dropdown value is BHD - Bahrain Dinar
The dropdown value is BDT - Bangladesh Taka
The dropdown value is BBD - Barbados Dollar
The dropdown value is BZD - Belize Dollar
The dropdown value is BYR - Belorussian Ruble
The dropdown value is XOF - Benin C.f.A. Franc
The dropdown value is BMD - Bermudan Dollar
The dropdown value is BOB - Bolivian Boliviano
The dropdown value is BAD - Bosnia-Herzogovinian Dinar
The dropdown value is BWP - Botswana Pula
The dropdown value is BRR - Brazil
The dropdown value is BRL - Brazilian Real
The dropdown value is GBP - British Pound
The dropdown value is BND - Brunei Dollar
The dropdown value is BGN - Bulgarian Lev
The dropdown value is BIF - Burundi Franc
The dropdown value is KHR - Cambodian Riel
The dropdown value is CAD - Canadian Dollar
The dropdown value is CVE - Cape Verde Escudo
The dropdown value is KYD - Cayman Dollar
The dropdown value is CLP - Chilean Peso
The dropdown value is CNY - China
The dropdown value is COP - Colombian Peso
The dropdown value is KMF - Comoros Franc
The dropdown value is CRC - Costa Rica Colon
The dropdown value is HRD - Croatian Dinar
The dropdown value is CUP - Cuban Peso
The dropdown value is CYP - Cyprus Pound
The dropdown value is CZK - Czech Krona
The dropdown value is DKK - Danish Krone
The dropdown value is DJF - Djibouti Franc
The dropdown value is DOP - Dominican Peso
The dropdown value is DRP - Dominican Republic Peso
The dropdown value is XCD - East Carribean Dollar
The dropdown value is ECS - Ecuador Sucre
The dropdown value is EGP - Egyptian Pound
The dropdown value is SVC - El Salvador Colon
The dropdown value is EEK - Estonian Krone
The dropdown value is ETB - Ethiopian Birr
The dropdown value is EUR - Euro
The dropdown value is FKP - Falkland Pound
The dropdown value is FJD - Fiji Dollar
The dropdown value is XAF - Gabon C.f.A Franc
The dropdown value is GMD - Gambian Dalasi
The dropdown value is GEK - Georgian Kupon
The dropdown value is GHC - Ghanian Cedi
The dropdown value is GIP - Gibraltar Pound
The dropdown value is GTQ - Guatemalan Quedzal
The dropdown value is GNF - Guinea Franc
The dropdown value is GWP - Guinea Peso
The dropdown value is GYD - Guyanese Dollar
The dropdown value is HTG - Haitian Gourde
The dropdown value is HNL - Honduran Lempira
The dropdown value is HKD - Hong Kong Dollar
The dropdown value is HUF - Hungarian forint
The dropdown value is ISK - Iceland Krona
The dropdown value is IDR - Indonesian Rupiah
The dropdown value is INR - Indian Rupee
INR
The dropdown value is IRR - Iranian Rial
The dropdown value is IQD - Iraqui Dinar
The dropdown value is ILS - Israeli Scheckel
The dropdown value is JMD - Jamaican Dollar
The dropdown value is JPY - Japanese Yen
The dropdown value is JOD - Jordanian Dinar
The dropdown value is KZT - Kazakhstani Tenge
The dropdown value is KES - Kenyan Shilling
The dropdown value is KIS - Kirghizstan Som
The dropdown value is KWD - Kuwaiti Dinar
The dropdown value is LAK - Laotian Kip
The dropdown value is LVL - Latvian Lat
The dropdown value is LBP - Lebanese Pound
The dropdown value is SLL - Leone
The dropdown value is LSL - Lesotho Loti
The dropdown value is LRD - Liberian Dollar
The dropdown value is LYD - Libyan Dinar
The dropdown value is LTL - Lithuanian Lita
The dropdown value is MOP - Macao Pataca
The dropdown value is MGF - Madagascan Franc
The dropdown value is MWK - Malawi Kwacha
The dropdown value is MYR - Malaysian Ringgit
The dropdown value is MVR - Maldive Rufiyaa
The dropdown value is MTL - Maltese Lira
The dropdown value is MRO - Mauritanian Ouguiya
The dropdown value is MUR - Mauritius Rupee
The dropdown value is MXN - Mexican Peso (new)
The dropdown value is MXP - Mexican Peso (old)
The dropdown value is MDL - Moldavian Lei
The dropdown value is MNT - Mongolian Tugrik
The dropdown value is MAD - Moroccan Dirham
The dropdown value is MZM - Mozambique Metical
The dropdown value is NPR - Nepalese Rupee
The dropdown value is NIS - New Israeli Shekel
The dropdown value is TWD - New Taiwan Dollar
The dropdown value is NZD - New Zealand Dollar
The dropdown value is NIC - Nicaragua
The dropdown value is NIO - Nicaraguan Cordoba
The dropdown value is NGN - Nigerian Naira
The dropdown value is KPW - North Korean Won
The dropdown value is NOK - Norwegian Krone
The dropdown value is OMR - Omani Rial
The dropdown value is PKR - Pakistan Rupee
The dropdown value is PAB - Panamanian Balboa
The dropdown value is PGK - Papua New Guinea Kina
The dropdown value is PYG - Paraguayan Guarani
The dropdown value is SOL - Peru
The dropdown value is PEI - Peruvian Inti
The dropdown value is PES - Peruvian Sol
The dropdown value is PEN - Peruvian Sol - New
The dropdown value is PHP - Philippino Peso
The dropdown value is PLZ - Poland
The dropdown value is PLN - Polish Zloty
The dropdown value is QAR - Qatar Riyal
The dropdown value is ROL - Romanian Leu
The dropdown value is RUR - Russian Rouble
The dropdown value is SUR - Russian Ruble (old)
The dropdown value is RWF - Rwanda Franc
The dropdown value is WST - Samoan Tala
The dropdown value is CDP - Santo Domiongo
The dropdown value is STD - Sao Tome / Principe Dobra
The dropdown value is SAR - Saudi Riyal
The dropdown value is SCR - Seychelles Rupee
The dropdown value is SGD - Singapore Dollar
The dropdown value is SBD - Solomon Islands Dollar
The dropdown value is SOS - Somalian Shilling
The dropdown value is ZAR - South African Rand
The dropdown value is KRW - South Korean Won
The dropdown value is LKR - Sri Lankan Rupee
The dropdown value is SHP - St.Helena Pound
The dropdown value is SDP - Sudanese Pound
The dropdown value is SRG - Surinam Guilder
The dropdown value is SZL - Swaziland Lilangeni
The dropdown value is SEK - Swedish Krona
The dropdown value is CHF - Swiss Franc
The dropdown value is SYP - Syrian Pound
The dropdown value is TJR - Tadzhikistani Ruble
The dropdown value is TZS - Tanzanian Shilling
The dropdown value is THB - Thailand Baht
The dropdown value is TPE - Timor Escudo
The dropdown value is TOP - Tongan Pa'anga
The dropdown value is TTD - Trinidad and Tobago Dollar
The dropdown value is TND - Tunisian Dinar
The dropdown value is TRY - Turkish Lira
The dropdown value is TMM - Turkmenistani Manat
The dropdown value is UGS - Ugandan Shilling
The dropdown value is UAH - Ukrainian Hryvnia
The dropdown value is AED - United Arab Emirates Dirham
The dropdown value is USD - American Dollar
The dropdown value is UYU - Uruguay
The dropdown value is UYP - Uruguayan New Peso
The dropdown value is VUV - Vanuatu Vatu
The dropdown value is VEB - Venezuelan Bolivar
The dropdown value is VND - Vietnamese Dong
The dropdown value is ANG - West Indian Guilder
The dropdown value is YER - Yemeni Ryal
The dropdown value is ZRZ - Zaire
The dropdown value is ZMK - Zambian Kwacha
The dropdown value is ZWD - Zimbabwean Dollar
The LeadID is 12114
]]></system-out>
    <system-err><![CDATA[Oct 07, 2024 2:16:15 PM org.openqa.selenium.devtools.CdpVersionFinder findNearestMatch
WARNING: Unable to find an exact match for CDP version 129, returning the closest version; found: 126; Please update to a Selenium version that supports CDP version 129
Cleaning up unclosed ZipFile for archive C:\Users\DELL\eclipse-workspace\OwnProject\.\Testdata\TC_003_CreateLead_With_validData.xlsx
]]></system-err>
  </testcase>
</testsuite>