<?xml version="1.0" encoding="UTF-8"?>
<!-- Generated by org.testng.reporters.JUnitReportReporter -->
<testsuite hostname="DESKTOP-LUQQADN" failures="0" tests="1" name="testcases.TC_002_LoginWithInvalidData" time="8.373" errors="0" timestamp="2024-07-20T20:44:44 IST" skipped="0">
  <testcase classname="testcases.TC_002_LoginWithInvalidData" name="login_with_invalid_data" time="8.373"/>
  <system-out/>
</testsuite> <!-- testcases.TC_002_LoginWithInvalidData -->
