<?xml version="1.0" encoding="UTF-8"?>
<!-- Generated by org.testng.reporters.JUnitReportReporter -->
<testsuite hostname="DESKTOP-LUQQADN" failures="0" tests="1" name="testcases.TC_003_CreateLead_with_valid_data" time="18.082" errors="0" timestamp="2024-07-20T20:45:24 IST" skipped="0">
  <testcase classname="testcases.TC_003_CreateLead_with_valid_data" name="CreateLead_with_ValidData" time="18.082"/>
  <system-out/>
</testsuite> <!-- testcases.TC_003_CreateLead_with_valid_data -->
