<?xml version="1.0" encoding="UTF-8"?>
<!-- Generated by org.testng.reporters.JUnitReportReporter -->
<testsuite hostname="DESKTOP-LUQQADN" failures="0" tests="1" name="testcases.TC_002_LoginWithInvalidData" time="7.715" errors="0" timestamp="2024-10-07T14:16:34 IST" skipped="0">
  <testcase classname="testcases.TC_002_LoginWithInvalidData" name="login_with_invalid_data" time="7.715"/>
  <system-out/>
</testsuite> <!-- testcases.TC_002_LoginWithInvalidData -->
