<?xml version="1.0" encoding="UTF-8"?>
<!-- Generated by org.testng.reporters.JUnitReportReporter -->
<testsuite hostname="DESKTOP-LUQQADN" failures="0" tests="1" name="testcases.TC_003_CreateLead_with_valid_data" time="19.861" errors="0" timestamp="2024-10-07T14:16:34 IST" skipped="0">
  <testcase classname="testcases.TC_003_CreateLead_with_valid_data" name="CreateLead_with_ValidData" time="19.861"/>
  <system-out/>
</testsuite> <!-- testcases.TC_003_CreateLead_with_valid_data -->
